<?xml version="1.0" encoding="UTF-8"?>
<coverage generated="1749136705">
  <project timestamp="1749136705" name="Clover Coverage">
    <file name="/app/src/Contracts/GraniteObject.php">
      <metrics loc="11" ncloc="11" classes="0" methods="0" coveredmethods="0" conditionals="0" coveredconditionals="0" statements="0" coveredstatements="0" elements="0" coveredelements="0"/>
    </file>
    <file name="/app/src/Enums/CacheType.php">
      <metrics loc="10" ncloc="10" classes="0" methods="0" coveredmethods="0" conditionals="0" coveredconditionals="0" statements="0" coveredstatements="0" elements="0" coveredelements="0"/>
    </file>
    <package name="Ninja\Granite\Exceptions">
      <file name="/app/src/Exceptions/GraniteException.php">
        <class name="Ninja\Granite\Exceptions\GraniteException" namespace="Ninja\Granite\Exceptions">
          <metrics complexity="3" methods="3" coveredmethods="3" conditionals="0" coveredconditionals="0" statements="5" coveredstatements="5" elements="8" coveredelements="8"/>
        </class>
        <line num="14" type="method" name="__construct" visibility="public" complexity="1" crap="1" count="44"/>
        <line num="16" type="stmt" count="44"/>
        <line num="17" type="stmt" count="44"/>
        <line num="23" type="method" name="getContext" visibility="public" complexity="1" crap="1" count="16"/>
        <line num="25" type="stmt" count="16"/>
        <line num="31" type="method" name="withContext" visibility="public" complexity="1" crap="1" count="6"/>
        <line num="33" type="stmt" count="6"/>
        <line num="34" type="stmt" count="6"/>
        <metrics loc="36" ncloc="27" classes="1" methods="3" coveredmethods="3" conditionals="0" coveredconditionals="0" statements="5" coveredstatements="5" elements="8" coveredelements="8"/>
      </file>
      <file name="/app/src/Exceptions/ReflectionException.php">
        <class name="Ninja\Granite\Exceptions\ReflectionException" namespace="Ninja\Granite\Exceptions">
          <metrics complexity="7" methods="6" coveredmethods="5" conditionals="0" coveredconditionals="0" statements="28" coveredstatements="23" elements="34" coveredelements="28"/>
        </class>
        <line num="15" type="method" name="__construct" visibility="public" complexity="2" crap="2" count="14"/>
        <line num="22" type="stmt" count="14"/>
        <line num="23" type="stmt" count="14"/>
        <line num="25" type="stmt" count="14"/>
        <line num="26" type="stmt" count="6"/>
        <line num="29" type="stmt" count="14"/>
        <line num="30" type="stmt" count="14"/>
        <line num="31" type="stmt" count="14"/>
        <line num="32" type="stmt" count="14"/>
        <line num="34" type="stmt" count="14"/>
        <line num="37" type="method" name="getClassName" visibility="public" complexity="1" crap="1" count="6"/>
        <line num="39" type="stmt" count="6"/>
        <line num="42" type="method" name="getOperation" visibility="public" complexity="1" crap="1" count="6"/>
        <line num="44" type="stmt" count="6"/>
        <line num="50" type="method" name="classNotFound" visibility="public" complexity="1" crap="1" count="4"/>
        <line num="52" type="stmt" count="4"/>
        <line num="53" type="stmt" count="4"/>
        <line num="54" type="stmt" count="4"/>
        <line num="55" type="stmt" count="4"/>
        <line num="56" type="stmt" count="4"/>
        <line num="62" type="method" name="propertyAccessFailed" visibility="public" complexity="1" crap="1" count="3"/>
        <line num="64" type="stmt" count="3"/>
        <line num="65" type="stmt" count="3"/>
        <line num="66" type="stmt" count="3"/>
        <line num="67" type="stmt" count="3"/>
        <line num="68" type="stmt" count="3"/>
        <line num="69" type="stmt" count="3"/>
        <line num="70" type="stmt" count="3"/>
        <line num="76" type="method" name="noImplicitConstructorFound" visibility="public" complexity="1" crap="2" count="0"/>
        <line num="78" type="stmt" count="0"/>
        <line num="79" type="stmt" count="0"/>
        <line num="80" type="stmt" count="0"/>
        <line num="81" type="stmt" count="0"/>
        <line num="82" type="stmt" count="0"/>
        <metrics loc="84" ncloc="72" classes="1" methods="6" coveredmethods="5" conditionals="0" coveredconditionals="0" statements="28" coveredstatements="23" elements="34" coveredelements="28"/>
      </file>
      <file name="/app/src/Exceptions/SerializationException.php">
        <class name="Ninja\Granite\Exceptions\SerializationException" namespace="Ninja\Granite\Exceptions">
          <metrics complexity="8" methods="6" coveredmethods="0" conditionals="0" coveredconditionals="0" statements="33" coveredstatements="0" elements="39" coveredelements="0"/>
        </class>
        <line num="16" type="method" name="__construct" visibility="public" complexity="3" crap="12" count="0"/>
        <line num="24" type="stmt" count="0"/>
        <line num="25" type="stmt" count="0"/>
        <line num="26" type="stmt" count="0"/>
        <line num="28" type="stmt" count="0"/>
        <line num="29" type="stmt" count="0"/>
        <line num="30" type="stmt" count="0"/>
        <line num="31" type="stmt" count="0"/>
        <line num="32" type="stmt" count="0"/>
        <line num="33" type="stmt" count="0"/>
        <line num="34" type="stmt" count="0"/>
        <line num="37" type="stmt" count="0"/>
        <line num="38" type="stmt" count="0"/>
        <line num="39" type="stmt" count="0"/>
        <line num="40" type="stmt" count="0"/>
        <line num="41" type="stmt" count="0"/>
        <line num="43" type="stmt" count="0"/>
        <line num="46" type="method" name="getObjectType" visibility="public" complexity="1" crap="2" count="0"/>
        <line num="48" type="stmt" count="0"/>
        <line num="51" type="method" name="getOperation" visibility="public" complexity="1" crap="2" count="0"/>
        <line num="53" type="stmt" count="0"/>
        <line num="56" type="method" name="getPropertyName" visibility="public" complexity="1" crap="2" count="0"/>
        <line num="58" type="stmt" count="0"/>
        <line num="64" type="method" name="unsupportedType" visibility="public" complexity="1" crap="2" count="0"/>
        <line num="66" type="stmt" count="0"/>
        <line num="67" type="stmt" count="0"/>
        <line num="68" type="stmt" count="0"/>
        <line num="69" type="stmt" count="0"/>
        <line num="70" type="stmt" count="0"/>
        <line num="71" type="stmt" count="0"/>
        <line num="77" type="method" name="deserializationFailed" visibility="public" complexity="1" crap="2" count="0"/>
        <line num="79" type="stmt" count="0"/>
        <line num="80" type="stmt" count="0"/>
        <line num="81" type="stmt" count="0"/>
        <line num="82" type="stmt" count="0"/>
        <line num="83" type="stmt" count="0"/>
        <line num="84" type="stmt" count="0"/>
        <line num="85" type="stmt" count="0"/>
        <line num="86" type="stmt" count="0"/>
        <metrics loc="88" ncloc="79" classes="1" methods="6" coveredmethods="0" conditionals="0" coveredconditionals="0" statements="33" coveredstatements="0" elements="39" coveredelements="0"/>
      </file>
      <file name="/app/src/Exceptions/ValidationException.php">
        <class name="Ninja\Granite\Exceptions\ValidationException" namespace="Ninja\Granite\Exceptions">
          <metrics complexity="13" methods="7" coveredmethods="7" conditionals="0" coveredconditionals="0" statements="27" coveredstatements="27" elements="34" coveredelements="34"/>
        </class>
        <line num="15" type="method" name="__construct" visibility="public" complexity="2" crap="2" count="16"/>
        <line num="17" type="stmt" count="16"/>
        <line num="18" type="stmt" count="16"/>
        <line num="20" type="stmt" count="16"/>
        <line num="21" type="stmt" count="15"/>
        <line num="24" type="stmt" count="16"/>
        <line num="25" type="stmt" count="16"/>
        <line num="26" type="stmt" count="16"/>
        <line num="27" type="stmt" count="16"/>
        <line num="29" type="stmt" count="16"/>
        <line num="35" type="method" name="getErrors" visibility="public" complexity="1" crap="1" count="2"/>
        <line num="37" type="stmt" count="2"/>
        <line num="43" type="method" name="getFieldErrors" visibility="public" complexity="1" crap="1" count="3"/>
        <line num="45" type="stmt" count="3"/>
        <line num="51" type="method" name="hasFieldErrors" visibility="public" complexity="2" crap="2" count="2"/>
        <line num="53" type="stmt" count="2"/>
        <line num="59" type="method" name="getObjectType" visibility="public" complexity="1" crap="1" count="1"/>
        <line num="61" type="stmt" count="1"/>
        <line num="67" type="method" name="getAllMessages" visibility="public" complexity="3" crap="3" count="3"/>
        <line num="69" type="stmt" count="3"/>
        <line num="70" type="stmt" count="3"/>
        <line num="71" type="stmt" count="2"/>
        <line num="72" type="stmt" count="2"/>
        <line num="75" type="stmt" count="3"/>
        <line num="81" type="method" name="getFormattedMessage" visibility="public" complexity="3" crap="3" count="2"/>
        <line num="83" type="stmt" count="2"/>
        <line num="84" type="stmt" count="2"/>
        <line num="85" type="stmt" count="1"/>
        <line num="86" type="stmt" count="1"/>
        <line num="90" type="stmt" count="2"/>
        <line num="91" type="stmt" count="2"/>
        <line num="92" type="stmt" count="2"/>
        <line num="93" type="stmt" count="2"/>
        <line num="94" type="stmt" count="2"/>
        <metrics loc="96" ncloc="75" classes="1" methods="7" coveredmethods="7" conditionals="0" coveredconditionals="0" statements="27" coveredstatements="27" elements="34" coveredelements="34"/>
      </file>
    </package>
    <package name="Ninja\Granite">
      <file name="/app/src/GraniteDTO.php">
        <class name="Ninja\Granite\GraniteDTO" namespace="Ninja\Granite">
          <metrics complexity="71" methods="11" coveredmethods="5" conditionals="0" coveredconditionals="0" statements="128" coveredstatements="101" elements="139" coveredelements="106"/>
        </class>
        <line num="29" type="method" name="from" visibility="public" complexity="21" crap="23.84" count="107"/>
        <line num="31" type="stmt" count="107"/>
        <line num="32" type="stmt" count="106"/>
        <line num="33" type="stmt" count="106"/>
        <line num="35" type="stmt" count="106"/>
        <line num="36" type="stmt" count="106"/>
        <line num="39" type="stmt" count="0"/>
        <line num="42" type="stmt" count="106"/>
        <line num="43" type="stmt" count="106"/>
        <line num="44" type="stmt" count="106"/>
        <line num="46" type="stmt" count="106"/>
        <line num="47" type="stmt" count="106"/>
        <line num="48" type="stmt" count="106"/>
        <line num="49" type="stmt" count="106"/>
        <line num="50" type="stmt" count="106"/>
        <line num="51" type="stmt" count="106"/>
        <line num="53" type="stmt" count="106"/>
        <line num="54" type="stmt" count="105"/>
        <line num="55" type="stmt" count="57"/>
        <line num="56" type="stmt" count="4"/>
        <line num="59" type="stmt" count="106"/>
        <line num="60" type="stmt" count="106"/>
        <line num="61" type="stmt" count="106"/>
        <line num="62" type="stmt" count="106"/>
        <line num="63" type="stmt" count="57"/>
        <line num="64" type="stmt" count="57"/>
        <line num="65" type="stmt" count="7"/>
        <line num="66" type="stmt" count="1"/>
        <line num="68" type="stmt" count="6"/>
        <line num="69" type="stmt" count="6"/>
        <line num="70" type="stmt" count="0"/>
        <line num="71" type="stmt" count="0"/>
        <line num="72" type="stmt" count="0"/>
        <line num="74" type="stmt" count="6"/>
        <line num="75" type="stmt" count="1"/>
        <line num="76" type="stmt" count="0"/>
        <line num="77" type="stmt" count="6"/>
        <line num="78" type="stmt" count="0"/>
        <line num="79" type="stmt" count="0"/>
        <line num="80" type="stmt" count="0"/>
        <line num="81" type="stmt" count="6"/>
        <line num="86" type="stmt" count="104"/>
        <line num="89" type="stmt" count="104"/>
        <line num="91" type="stmt" count="104"/>
        <line num="94" type="method" name="normalizeInputData" visibility="protected" complexity="3" crap="3" count="122"/>
        <line num="96" type="stmt" count="122"/>
        <line num="97" type="stmt" count="1"/>
        <line num="100" type="stmt" count="122"/>
        <line num="101" type="stmt" count="2"/>
        <line num="104" type="stmt" count="120"/>
        <line num="113" type="method" name="hydratePublicWritableProperties" visibility="private" complexity="7" crap="23.81" count="104"/>
        <line num="115" type="stmt" count="104"/>
        <line num="116" type="stmt" count="104"/>
        <line num="118" type="stmt" count="104"/>
        <line num="119" type="stmt" count="104"/>
        <line num="122" type="stmt" count="104"/>
        <line num="123" type="stmt" count="104"/>
        <line num="126" type="stmt" count="0"/>
        <line num="127" type="stmt" count="0"/>
        <line num="128" type="stmt" count="0"/>
        <line num="130" type="stmt" count="0"/>
        <line num="131" type="stmt" count="0"/>
        <line num="132" type="stmt" count="0"/>
        <line num="133" type="stmt" count="0"/>
        <line num="134" type="stmt" count="0"/>
        <line num="135" type="stmt" count="0"/>
        <line num="139" type="stmt" count="0"/>
        <line num="140" type="stmt" count="0"/>
        <line num="143" type="stmt" count="0"/>
        <line num="145" type="stmt" count="0"/>
        <line num="146" type="stmt" count="0"/>
        <line num="156" type="method" name="convertValueToType" visibility="private" complexity="4" crap="4.05" count="106"/>
        <line num="158" type="stmt" count="106"/>
        <line num="159" type="stmt" count="7"/>
        <line num="162" type="stmt" count="105"/>
        <line num="163" type="stmt" count="103"/>
        <line num="166" type="stmt" count="2"/>
        <line num="167" type="stmt" count="2"/>
        <line num="170" type="stmt" count="0"/>
        <line num="180" type="method" name="convertToNamedType" visibility="private" complexity="15" crap="15.31" count="103"/>
        <line num="182" type="stmt" count="103"/>
        <line num="185" type="stmt" count="103"/>
        <line num="186" type="stmt" count="4"/>
        <line num="190" type="stmt" count="103"/>
        <line num="191" type="stmt" count="10"/>
        <line num="192" type="stmt" count="0"/>
        <line num="195" type="stmt" count="10"/>
        <line num="199" type="stmt" count="103"/>
        <line num="201" type="stmt" count="11"/>
        <line num="202" type="stmt" count="3"/>
        <line num="206" type="stmt" count="8"/>
        <line num="208" type="stmt" count="8"/>
        <line num="209" type="stmt" count="7"/>
        <line num="213" type="stmt" count="1"/>
        <line num="214" type="stmt" count="1"/>
        <line num="215" type="stmt" count="1"/>
        <line num="221" type="stmt" count="0"/>
        <line num="224" type="stmt" count="101"/>
        <line num="234" type="method" name="convertToUnionType" visibility="private" complexity="5" crap="5.20" count="2"/>
        <line num="236" type="stmt" count="2"/>
        <line num="237" type="stmt" count="2"/>
        <line num="238" type="stmt" count="2"/>
        <line num="239" type="stmt" count="2"/>
        <line num="243" type="stmt" count="0"/>
        <line num="252" type="method" name="array" visibility="public" complexity="4" crap="4" count="39"/>
        <line num="254" type="stmt" count="39"/>
        <line num="255" type="stmt" count="39"/>
        <line num="256" type="stmt" count="39"/>
        <line num="258" type="stmt" count="39"/>
        <line num="259" type="stmt" count="39"/>
        <line num="262" type="stmt" count="39"/>
        <line num="263" type="stmt" count="9"/>
        <line num="267" type="stmt" count="39"/>
        <line num="268" type="stmt" count="2"/>
        <line num="271" type="stmt" count="39"/>
        <line num="272" type="stmt" count="39"/>
        <line num="275" type="stmt" count="37"/>
        <line num="276" type="stmt" count="37"/>
        <line num="279" type="stmt" count="37"/>
        <line num="288" type="method" name="serializeValue" visibility="private" complexity="9" crap="9.04" count="39"/>
        <line num="290" type="stmt" count="39"/>
        <line num="291" type="stmt" count="13"/>
        <line num="294" type="stmt" count="39"/>
        <line num="295" type="stmt" count="37"/>
        <line num="298" type="stmt" count="7"/>
        <line num="299" type="stmt" count="2"/>
        <line num="302" type="stmt" count="5"/>
        <line num="303" type="stmt" count="2"/>
        <line num="304" type="stmt" count="2"/>
        <line num="306" type="stmt" count="0"/>
        <line num="309" type="stmt" count="3"/>
        <line num="310" type="stmt" count="1"/>
        <line num="313" type="stmt" count="2"/>
        <line num="319" type="method" name="json" visibility="public" complexity="1" crap="1" count="3"/>
        <line num="321" type="stmt" count="3"/>
        <line num="330" type="method" name="serializedNames" visibility="protected" complexity="1" crap="1" count="28"/>
        <line num="332" type="stmt" count="28"/>
        <line num="341" type="method" name="hiddenProperties" visibility="protected" complexity="1" crap="1" count="28"/>
        <line num="343" type="stmt" count="28"/>
        <metrics loc="345" ncloc="262" classes="1" methods="11" coveredmethods="5" conditionals="0" coveredconditionals="0" statements="128" coveredstatements="101" elements="139" coveredelements="106"/>
      </file>
      <file name="/app/src/GraniteVO.php">
        <class name="Ninja\Granite\GraniteVO" namespace="Ninja\Granite">
          <metrics complexity="15" methods="4" coveredmethods="3" conditionals="0" coveredconditionals="0" statements="31" coveredstatements="29" elements="35" coveredelements="32"/>
        </class>
        <line num="25" type="method" name="from" visibility="public" complexity="2" crap="2" count="38"/>
        <line num="28" type="stmt" count="38"/>
        <line num="31" type="stmt" count="38"/>
        <line num="32" type="stmt" count="38"/>
        <line num="35" type="stmt" count="38"/>
        <line num="36" type="stmt" count="38"/>
        <line num="37" type="stmt" count="4"/>
        <line num="41" type="stmt" count="38"/>
        <line num="44" type="stmt" count="23"/>
        <line num="53" type="method" name="rules" visibility="protected" complexity="1" crap="1" count="34"/>
        <line num="55" type="stmt" count="34"/>
        <line num="66" type="method" name="equals" visibility="public" complexity="10" crap="10.14" count="10"/>
        <line num="69" type="stmt" count="10"/>
        <line num="70" type="stmt" count="1"/>
        <line num="74" type="stmt" count="9"/>
        <line num="76" type="stmt" count="5"/>
        <line num="77" type="stmt" count="1"/>
        <line num="81" type="stmt" count="4"/>
        <line num="82" type="stmt" count="4"/>
        <line num="84" type="stmt" count="4"/>
        <line num="88" type="stmt" count="4"/>
        <line num="89" type="stmt" count="4"/>
        <line num="92" type="stmt" count="4"/>
        <line num="93" type="stmt" count="4"/>
        <line num="94" type="stmt" count="3"/>
        <line num="99" type="stmt" count="1"/>
        <line num="100" type="stmt" count="1"/>
        <line num="101" type="stmt" count="0"/>
        <line num="105" type="stmt" count="1"/>
        <line num="108" type="stmt" count="0"/>
        <line num="122" type="method" name="with" visibility="public" complexity="2" crap="2" count="5"/>
        <line num="125" type="stmt" count="5"/>
        <line num="128" type="stmt" count="5"/>
        <line num="129" type="stmt" count="5"/>
        <line num="133" type="stmt" count="5"/>
        <metrics loc="136" ncloc="85" classes="1" methods="4" coveredmethods="3" conditionals="0" coveredconditionals="0" statements="31" coveredstatements="29" elements="35" coveredelements="32"/>
      </file>
    </package>
    <package name="Ninja\Granite\Mapping\Attributes">
      <file name="/app/src/Mapping/Attributes/Ignore.php">
        <class name="Ninja\Granite\Mapping\Attributes\Ignore" namespace="Ninja\Granite\Mapping\Attributes">
          <metrics complexity="1" methods="1" coveredmethods="1" conditionals="0" coveredconditionals="0" statements="1" coveredstatements="1" elements="2" coveredelements="2"/>
        </class>
        <line num="13" type="method" name="__construct" visibility="public" complexity="1" crap="1" count="5"/>
        <metrics loc="14" ncloc="11" classes="1" methods="1" coveredmethods="1" conditionals="0" coveredconditionals="0" statements="1" coveredstatements="1" elements="2" coveredelements="2"/>
      </file>
      <file name="/app/src/Mapping/Attributes/MapBidirectional.php">
        <class name="Ninja\Granite\Mapping\Attributes\MapBidirectional" namespace="Ninja\Granite\Mapping\Attributes">
          <metrics complexity="1" methods="1" coveredmethods="0" conditionals="0" coveredconditionals="0" statements="1" coveredstatements="0" elements="2" coveredelements="0"/>
        </class>
        <line num="18" type="method" name="__construct" visibility="public" complexity="1" crap="2" count="0"/>
        <line num="20" type="stmt" count="0"/>
        <metrics loc="21" ncloc="13" classes="1" methods="1" coveredmethods="0" conditionals="0" coveredconditionals="0" statements="1" coveredstatements="0" elements="2" coveredelements="0"/>
      </file>
      <file name="/app/src/Mapping/Attributes/MapCollection.php">
        <class name="Ninja\Granite\Mapping\Attributes\MapCollection" namespace="Ninja\Granite\Mapping\Attributes">
          <metrics complexity="2" methods="2" coveredmethods="0" conditionals="0" coveredconditionals="0" statements="8" coveredstatements="0" elements="10" coveredelements="0"/>
        </class>
        <line num="21" type="method" name="__construct" visibility="public" complexity="1" crap="2" count="0"/>
        <line num="26" type="stmt" count="0"/>
        <line num="31" type="method" name="createTransformer" visibility="public" complexity="1" crap="2" count="0"/>
        <line num="33" type="stmt" count="0"/>
        <line num="34" type="stmt" count="0"/>
        <line num="35" type="stmt" count="0"/>
        <line num="36" type="stmt" count="0"/>
        <line num="37" type="stmt" count="0"/>
        <line num="38" type="stmt" count="0"/>
        <line num="39" type="stmt" count="0"/>
        <metrics loc="41" ncloc="29" classes="1" methods="2" coveredmethods="0" conditionals="0" coveredconditionals="0" statements="8" coveredstatements="0" elements="10" coveredelements="0"/>
      </file>
      <file name="/app/src/Mapping/Attributes/MapDefault.php">
        <class name="Ninja\Granite\Mapping\Attributes\MapDefault" namespace="Ninja\Granite\Mapping\Attributes">
          <metrics complexity="1" methods="1" coveredmethods="0" conditionals="0" coveredconditionals="0" statements="1" coveredstatements="0" elements="2" coveredelements="0"/>
        </class>
        <line num="18" type="method" name="__construct" visibility="public" complexity="1" crap="2" count="0"/>
        <line num="20" type="stmt" count="0"/>
        <metrics loc="21" ncloc="13" classes="1" methods="1" coveredmethods="0" conditionals="0" coveredconditionals="0" statements="1" coveredstatements="0" elements="2" coveredelements="0"/>
      </file>
      <file name="/app/src/Mapping/Attributes/MapFrom.php">
        <class name="Ninja\Granite\Mapping\Attributes\MapFrom" namespace="Ninja\Granite\Mapping\Attributes">
          <metrics complexity="1" methods="1" coveredmethods="1" conditionals="0" coveredconditionals="0" statements="1" coveredstatements="1" elements="2" coveredelements="2"/>
        </class>
        <line num="13" type="method" name="__construct" visibility="public" complexity="1" crap="1" count="10"/>
        <line num="15" type="stmt" count="10"/>
        <metrics loc="16" ncloc="13" classes="1" methods="1" coveredmethods="1" conditionals="0" coveredconditionals="0" statements="1" coveredstatements="1" elements="2" coveredelements="2"/>
      </file>
      <file name="/app/src/Mapping/Attributes/MapWhen.php">
        <class name="Ninja\Granite\Mapping\Attributes\MapWhen" namespace="Ninja\Granite\Mapping\Attributes">
          <metrics complexity="1" methods="1" coveredmethods="0" conditionals="0" coveredconditionals="0" statements="1" coveredstatements="0" elements="2" coveredelements="0"/>
        </class>
        <line num="18" type="method" name="__construct" visibility="public" complexity="1" crap="2" count="0"/>
        <line num="20" type="stmt" count="0"/>
        <metrics loc="21" ncloc="13" classes="1" methods="1" coveredmethods="0" conditionals="0" coveredconditionals="0" statements="1" coveredstatements="0" elements="2" coveredelements="0"/>
      </file>
      <file name="/app/src/Mapping/Attributes/MapWith.php">
        <class name="Ninja\Granite\Mapping\Attributes\MapWith" namespace="Ninja\Granite\Mapping\Attributes">
          <metrics complexity="1" methods="1" coveredmethods="1" conditionals="0" coveredconditionals="0" statements="1" coveredstatements="1" elements="2" coveredelements="2"/>
        </class>
        <line num="13" type="method" name="__construct" visibility="public" complexity="1" crap="1" count="11"/>
        <line num="15" type="stmt" count="11"/>
        <metrics loc="16" ncloc="13" classes="1" methods="1" coveredmethods="1" conditionals="0" coveredconditionals="0" statements="1" coveredstatements="1" elements="2" coveredelements="2"/>
      </file>
    </package>
    <package name="Ninja\Granite\Mapping">
      <file name="/app/src/Mapping/BidirectionalTypeMapping.php">
        <class name="Ninja\Granite\Mapping\BidirectionalTypeMapping" namespace="Ninja\Granite\Mapping">
          <metrics complexity="15" methods="8" coveredmethods="0" conditionals="0" coveredconditionals="0" statements="32" coveredstatements="0" elements="40" coveredelements="0"/>
        </class>
        <line num="46" type="method" name="__construct" visibility="public" complexity="1" crap="2" count="0"/>
        <line num="52" type="stmt" count="0"/>
        <line num="53" type="stmt" count="0"/>
        <line num="64" type="method" name="forMembers" visibility="public" complexity="2" crap="6" count="0"/>
        <line num="66" type="stmt" count="0"/>
        <line num="67" type="stmt" count="0"/>
        <line num="71" type="stmt" count="0"/>
        <line num="72" type="stmt" count="0"/>
        <line num="74" type="stmt" count="0"/>
        <line num="84" type="method" name="forMemberPairs" visibility="public" complexity="3" crap="12" count="0"/>
        <line num="86" type="stmt" count="0"/>
        <line num="87" type="stmt" count="0"/>
        <line num="90" type="stmt" count="0"/>
        <line num="91" type="stmt" count="0"/>
        <line num="92" type="stmt" count="0"/>
        <line num="95" type="stmt" count="0"/>
        <line num="106" type="method" name="forForwardMember" visibility="public" complexity="2" crap="6" count="0"/>
        <line num="108" type="stmt" count="0"/>
        <line num="109" type="stmt" count="0"/>
        <line num="113" type="stmt" count="0"/>
        <line num="115" type="stmt" count="0"/>
        <line num="126" type="method" name="forReverseMember" visibility="public" complexity="2" crap="6" count="0"/>
        <line num="128" type="stmt" count="0"/>
        <line num="129" type="stmt" count="0"/>
        <line num="133" type="stmt" count="0"/>
        <line num="135" type="stmt" count="0"/>
        <line num="144" type="method" name="seal" visibility="public" complexity="3" crap="12" count="0"/>
        <line num="146" type="stmt" count="0"/>
        <line num="147" type="stmt" count="0"/>
        <line num="151" type="stmt" count="0"/>
        <line num="152" type="stmt" count="0"/>
        <line num="153" type="stmt" count="0"/>
        <line num="157" type="stmt" count="0"/>
        <line num="158" type="stmt" count="0"/>
        <line num="160" type="stmt" count="0"/>
        <line num="162" type="stmt" count="0"/>
        <line num="170" type="method" name="getForwardMapping" visibility="public" complexity="1" crap="2" count="0"/>
        <line num="172" type="stmt" count="0"/>
        <line num="180" type="method" name="getReverseMapping" visibility="public" complexity="1" crap="2" count="0"/>
        <line num="182" type="stmt" count="0"/>
        <metrics loc="184" ncloc="105" classes="1" methods="8" coveredmethods="0" conditionals="0" coveredconditionals="0" statements="32" coveredstatements="0" elements="40" coveredelements="0"/>
      </file>
      <file name="/app/src/Mapping/ConventionMapper.php">
        <class name="Ninja\Granite\Mapping\ConventionMapper" namespace="Ninja\Granite\Mapping">
          <metrics complexity="35" methods="9" coveredmethods="6" conditionals="0" coveredconditionals="0" statements="82" coveredstatements="77" elements="91" coveredelements="83"/>
        </class>
        <line num="29" type="method" name="__construct" visibility="public" complexity="1" crap="1" count="12"/>
        <line num="33" type="stmt" count="12"/>
        <line num="34" type="stmt" count="12"/>
        <line num="44" type="method" name="detectConvention" visibility="public" complexity="5" crap="5" count="1"/>
        <line num="46" type="stmt" count="1"/>
        <line num="47" type="stmt" count="1"/>
        <line num="49" type="stmt" count="1"/>
        <line num="50" type="stmt" count="1"/>
        <line num="52" type="stmt" count="1"/>
        <line num="53" type="stmt" count="1"/>
        <line num="55" type="stmt" count="1"/>
        <line num="56" type="stmt" count="1"/>
        <line num="57" type="stmt" count="1"/>
        <line num="63" type="stmt" count="1"/>
        <line num="64" type="stmt" count="1"/>
        <line num="66" type="stmt" count="1"/>
        <line num="67" type="stmt" count="1"/>
        <line num="68" type="stmt" count="1"/>
        <line num="78" type="method" name="calculateConfidence" visibility="public" complexity="6" crap="6" count="9"/>
        <line num="80" type="stmt" count="9"/>
        <line num="81" type="stmt" count="9"/>
        <line num="83" type="stmt" count="9"/>
        <line num="85" type="stmt" count="9"/>
        <line num="86" type="stmt" count="9"/>
        <line num="87" type="stmt" count="9"/>
        <line num="90" type="stmt" count="9"/>
        <line num="92" type="stmt" count="9"/>
        <line num="93" type="stmt" count="9"/>
        <line num="94" type="stmt" count="9"/>
        <line num="97" type="stmt" count="9"/>
        <line num="100" type="stmt" count="9"/>
        <line num="102" type="stmt" count="9"/>
        <line num="103" type="stmt" count="9"/>
        <line num="108" type="stmt" count="9"/>
        <line num="115" type="method" name="calculateStringSimilarity" visibility="private" complexity="5" crap="5.09" count="9"/>
        <line num="118" type="stmt" count="9"/>
        <line num="119" type="stmt" count="8"/>
        <line num="123" type="stmt" count="8"/>
        <line num="124" type="stmt" count="8"/>
        <line num="127" type="stmt" count="8"/>
        <line num="128" type="stmt" count="0"/>
        <line num="132" type="stmt" count="8"/>
        <line num="133" type="stmt" count="8"/>
        <line num="134" type="stmt" count="0"/>
        <line num="137" type="stmt" count="8"/>
        <line num="138" type="stmt" count="8"/>
        <line num="141" type="stmt" count="8"/>
        <line num="144" type="stmt" count="8"/>
        <line num="154" type="method" name="discoverMappings" visibility="public" complexity="9" crap="9" count="9"/>
        <line num="156" type="stmt" count="9"/>
        <line num="158" type="stmt" count="9"/>
        <line num="159" type="stmt" count="2"/>
        <line num="163" type="stmt" count="9"/>
        <line num="165" type="stmt" count="2"/>
        <line num="166" type="stmt" count="2"/>
        <line num="169" type="stmt" count="7"/>
        <line num="170" type="stmt" count="7"/>
        <line num="172" type="stmt" count="7"/>
        <line num="173" type="stmt" count="7"/>
        <line num="175" type="stmt" count="7"/>
        <line num="176" type="stmt" count="7"/>
        <line num="178" type="stmt" count="7"/>
        <line num="180" type="stmt" count="7"/>
        <line num="181" type="stmt" count="7"/>
        <line num="182" type="stmt" count="7"/>
        <line num="185" type="stmt" count="7"/>
        <line num="186" type="stmt" count="7"/>
        <line num="189" type="stmt" count="7"/>
        <line num="190" type="stmt" count="7"/>
        <line num="191" type="stmt" count="7"/>
        <line num="196" type="stmt" count="7"/>
        <line num="197" type="stmt" count="7"/>
        <line num="201" type="stmt" count="7"/>
        <line num="203" type="stmt" count="7"/>
        <line num="214" type="method" name="applyConventions" visibility="public" complexity="6" crap="6" count="4"/>
        <line num="217" type="stmt" count="4"/>
        <line num="218" type="stmt" count="2"/>
        <line num="221" type="stmt" count="2"/>
        <line num="223" type="stmt" count="2"/>
        <line num="224" type="stmt" count="2"/>
        <line num="225" type="stmt" count="2"/>
        <line num="226" type="stmt" count="2"/>
        <line num="231" type="stmt" count="2"/>
        <line num="240" type="method" name="setConfidenceThreshold" visibility="public" complexity="1" crap="1" count="2"/>
        <line num="242" type="stmt" count="2"/>
        <line num="243" type="stmt" count="2"/>
        <line num="252" type="method" name="registerConvention" visibility="public" complexity="1" crap="2" count="0"/>
        <line num="254" type="stmt" count="0"/>
        <line num="255" type="stmt" count="0"/>
        <line num="263" type="method" name="clearMappingsCache" visibility="public" complexity="1" crap="2" count="0"/>
        <line num="265" type="stmt" count="0"/>
        <metrics loc="268" ncloc="195" classes="1" methods="9" coveredmethods="6" conditionals="0" coveredconditionals="0" statements="82" coveredstatements="77" elements="91" coveredelements="83"/>
      </file>
      <file name="/app/src/Mapping/MapperConfig.php">
        <class name="Ninja\Granite\Mapping\MapperConfig" namespace="Ninja\Granite\Mapping">
          <metrics complexity="26" methods="20" coveredmethods="4" conditionals="0" coveredconditionals="0" statements="88" coveredstatements="18" elements="108" coveredelements="22"/>
        </class>
        <line num="11" type="method" name="__construct" visibility="private" complexity="1" crap="1" count="10"/>
        <line num="18" type="stmt" count="10"/>
        <line num="20" type="method" name="default" visibility="public" complexity="1" crap="2" count="0"/>
        <line num="22" type="stmt" count="0"/>
        <line num="25" type="method" name="create" visibility="public" complexity="1" crap="1" count="10"/>
        <line num="27" type="stmt" count="10"/>
        <line num="34" type="method" name="withCacheType" visibility="public" complexity="1" crap="2" count="0"/>
        <line num="36" type="stmt" count="0"/>
        <line num="37" type="stmt" count="0"/>
        <line num="38" type="stmt" count="0"/>
        <line num="39" type="stmt" count="0"/>
        <line num="40" type="stmt" count="0"/>
        <line num="41" type="stmt" count="0"/>
        <line num="42" type="stmt" count="0"/>
        <line num="43" type="stmt" count="0"/>
        <line num="46" type="method" name="withMemoryCache" visibility="public" complexity="1" crap="2" count="0"/>
        <line num="48" type="stmt" count="0"/>
        <line num="51" type="method" name="withSharedCache" visibility="public" complexity="1" crap="2" count="0"/>
        <line num="53" type="stmt" count="0"/>
        <line num="56" type="method" name="withPersistentCache" visibility="public" complexity="1" crap="2" count="0"/>
        <line num="58" type="stmt" count="0"/>
        <line num="61" type="method" name="withWarmup" visibility="public" complexity="1" crap="2" count="0"/>
        <line num="63" type="stmt" count="0"/>
        <line num="64" type="stmt" count="0"/>
        <line num="65" type="stmt" count="0"/>
        <line num="66" type="stmt" count="0"/>
        <line num="67" type="stmt" count="0"/>
        <line num="68" type="stmt" count="0"/>
        <line num="69" type="stmt" count="0"/>
        <line num="70" type="stmt" count="0"/>
        <line num="73" type="method" name="withoutWarmup" visibility="public" complexity="1" crap="2" count="0"/>
        <line num="75" type="stmt" count="0"/>
        <line num="82" type="method" name="withConventions" visibility="public" complexity="1" crap="2" count="0"/>
        <line num="84" type="stmt" count="0"/>
        <line num="85" type="stmt" count="0"/>
        <line num="86" type="stmt" count="0"/>
        <line num="87" type="stmt" count="0"/>
        <line num="88" type="stmt" count="0"/>
        <line num="89" type="stmt" count="0"/>
        <line num="90" type="stmt" count="0"/>
        <line num="91" type="stmt" count="0"/>
        <line num="94" type="method" name="withoutConventions" visibility="public" complexity="1" crap="2" count="0"/>
        <line num="96" type="stmt" count="0"/>
        <line num="99" type="method" name="withConventionThreshold" visibility="public" complexity="1" crap="2" count="0"/>
        <line num="101" type="stmt" count="0"/>
        <line num="102" type="stmt" count="0"/>
        <line num="103" type="stmt" count="0"/>
        <line num="104" type="stmt" count="0"/>
        <line num="105" type="stmt" count="0"/>
        <line num="106" type="stmt" count="0"/>
        <line num="107" type="stmt" count="0"/>
        <line num="108" type="stmt" count="0"/>
        <line num="111" type="method" name="addConvention" visibility="public" complexity="1" crap="2" count="0"/>
        <line num="113" type="stmt" count="0"/>
        <line num="114" type="stmt" count="0"/>
        <line num="115" type="stmt" count="0"/>
        <line num="116" type="stmt" count="0"/>
        <line num="117" type="stmt" count="0"/>
        <line num="118" type="stmt" count="0"/>
        <line num="119" type="stmt" count="0"/>
        <line num="120" type="stmt" count="0"/>
        <line num="127" type="method" name="withProfile" visibility="public" complexity="1" crap="1" count="9"/>
        <line num="129" type="stmt" count="9"/>
        <line num="130" type="stmt" count="9"/>
        <line num="131" type="stmt" count="9"/>
        <line num="132" type="stmt" count="9"/>
        <line num="133" type="stmt" count="9"/>
        <line num="134" type="stmt" count="9"/>
        <line num="135" type="stmt" count="9"/>
        <line num="136" type="stmt" count="9"/>
        <line num="139" type="method" name="withProfiles" visibility="public" complexity="1" crap="1" count="1"/>
        <line num="141" type="stmt" count="1"/>
        <line num="142" type="stmt" count="1"/>
        <line num="143" type="stmt" count="1"/>
        <line num="144" type="stmt" count="1"/>
        <line num="145" type="stmt" count="1"/>
        <line num="146" type="stmt" count="1"/>
        <line num="147" type="stmt" count="1"/>
        <line num="148" type="stmt" count="1"/>
        <line num="155" type="method" name="forDevelopment" visibility="public" complexity="1" crap="2" count="0"/>
        <line num="157" type="stmt" count="0"/>
        <line num="158" type="stmt" count="0"/>
        <line num="159" type="stmt" count="0"/>
        <line num="160" type="stmt" count="0"/>
        <line num="163" type="method" name="forProduction" visibility="public" complexity="1" crap="2" count="0"/>
        <line num="165" type="stmt" count="0"/>
        <line num="166" type="stmt" count="0"/>
        <line num="167" type="stmt" count="0"/>
        <line num="168" type="stmt" count="0"/>
        <line num="171" type="method" name="forTesting" visibility="public" complexity="1" crap="2" count="0"/>
        <line num="173" type="stmt" count="0"/>
        <line num="174" type="stmt" count="0"/>
        <line num="175" type="stmt" count="0"/>
        <line num="176" type="stmt" count="0"/>
        <line num="179" type="method" name="minimal" visibility="public" complexity="1" crap="2" count="0"/>
        <line num="181" type="stmt" count="0"/>
        <line num="182" type="stmt" count="0"/>
        <line num="183" type="stmt" count="0"/>
        <line num="184" type="stmt" count="0"/>
        <line num="191" type="method" name="validate" visibility="public" complexity="7" crap="56" count="0"/>
        <line num="193" type="stmt" count="0"/>
        <line num="194" type="stmt" count="0"/>
        <line num="197" type="stmt" count="0"/>
        <line num="198" type="stmt" count="0"/>
        <line num="199" type="stmt" count="0"/>
        <line num="203" type="stmt" count="0"/>
        <line num="204" type="stmt" count="0"/>
        <line num="205" type="stmt" count="0"/>
        <metrics loc="209" ncloc="194" classes="1" methods="20" coveredmethods="4" conditionals="0" coveredconditionals="0" statements="88" coveredstatements="18" elements="108" coveredelements="22"/>
      </file>
      <file name="/app/src/Mapping/MappingPreloader.php">
        <class name="Ninja\Granite\Mapping\MappingPreloader" namespace="Ninja\Granite\Mapping">
          <metrics complexity="13" methods="3" coveredmethods="0" conditionals="0" coveredconditionals="0" statements="35" coveredstatements="0" elements="38" coveredelements="0"/>
        </class>
        <line num="20" type="method" name="preload" visibility="public" complexity="4" crap="20" count="0"/>
        <line num="22" type="stmt" count="0"/>
        <line num="24" type="stmt" count="0"/>
        <line num="25" type="stmt" count="0"/>
        <line num="28" type="stmt" count="0"/>
        <line num="29" type="stmt" count="0"/>
        <line num="33" type="stmt" count="0"/>
        <line num="36" type="stmt" count="0"/>
        <line num="37" type="stmt" count="0"/>
        <line num="40" type="stmt" count="0"/>
        <line num="43" type="stmt" count="0"/>
        <line num="55" type="method" name="preloadFromNamespace" visibility="public" complexity="6" crap="42" count="0"/>
        <line num="57" type="stmt" count="0"/>
        <line num="58" type="stmt" count="0"/>
        <line num="59" type="stmt" count="0"/>
        <line num="62" type="stmt" count="0"/>
        <line num="63" type="stmt" count="0"/>
        <line num="64" type="stmt" count="0"/>
        <line num="65" type="stmt" count="0"/>
        <line num="66" type="stmt" count="0"/>
        <line num="67" type="stmt" count="0"/>
        <line num="68" type="stmt" count="0"/>
        <line num="74" type="stmt" count="0"/>
        <line num="75" type="stmt" count="0"/>
        <line num="76" type="stmt" count="0"/>
        <line num="77" type="stmt" count="0"/>
        <line num="78" type="stmt" count="0"/>
        <line num="82" type="stmt" count="0"/>
        <line num="91" type="method" name="scanNamespace" visibility="private" complexity="3" crap="12" count="0"/>
        <line num="93" type="stmt" count="0"/>
        <line num="95" type="stmt" count="0"/>
        <line num="96" type="stmt" count="0"/>
        <line num="98" type="stmt" count="0"/>
        <line num="99" type="stmt" count="0"/>
        <line num="101" type="stmt" count="0"/>
        <line num="102" type="stmt" count="0"/>
        <line num="103" type="stmt" count="0"/>
        <line num="107" type="stmt" count="0"/>
        <metrics loc="109" ncloc="77" classes="1" methods="3" coveredmethods="0" conditionals="0" coveredconditionals="0" statements="35" coveredstatements="0" elements="38" coveredelements="0"/>
      </file>
      <file name="/app/src/Mapping/MappingProfile.php">
        <class name="Ninja\Granite\Mapping\MappingProfile" namespace="Ninja\Granite\Mapping">
          <metrics complexity="3" methods="3" coveredmethods="2" conditionals="0" coveredconditionals="0" statements="3" coveredstatements="2" elements="6" coveredelements="4"/>
        </class>
        <line num="18" type="method" name="__construct" visibility="public" complexity="1" crap="1" count="26"/>
        <line num="20" type="stmt" count="26"/>
        <line num="35" type="method" name="createMap" visibility="protected" complexity="1" crap="1" count="12"/>
        <line num="37" type="stmt" count="12"/>
        <line num="47" type="method" name="createMapBidirectional" visibility="protected" complexity="1" crap="2" count="0"/>
        <line num="49" type="stmt" count="0"/>
        <metrics loc="51" ncloc="28" classes="1" methods="3" coveredmethods="2" conditionals="0" coveredconditionals="0" statements="3" coveredstatements="2" elements="6" coveredelements="4"/>
      </file>
      <file name="/app/src/Mapping/ObjectMapper.php">
        <class name="Ninja\Granite\Mapping\ObjectMapper" namespace="Ninja\Granite\Mapping">
          <metrics complexity="26" methods="23" coveredmethods="8" conditionals="0" coveredconditionals="0" statements="59" coveredstatements="32" elements="82" coveredelements="40"/>
        </class>
        <line num="35" type="method" name="__construct" visibility="public" complexity="2" crap="2" count="86"/>
        <line num="37" type="stmt" count="86"/>
        <line num="39" type="stmt" count="86"/>
        <line num="40" type="stmt" count="86"/>
        <line num="41" type="stmt" count="86"/>
        <line num="42" type="stmt" count="86"/>
        <line num="43" type="stmt" count="86"/>
        <line num="44" type="stmt" count="86"/>
        <line num="45" type="stmt" count="86"/>
        <line num="47" type="stmt" count="86"/>
        <line num="49" type="stmt" count="86"/>
        <line num="50" type="stmt" count="85"/>
        <line num="62" type="method" name="map" visibility="public" complexity="1" crap="1" count="96"/>
        <line num="64" type="stmt" count="96"/>
        <line num="70" type="method" name="mapTo" visibility="public" complexity="1" crap="1" count="2"/>
        <line num="72" type="stmt" count="2"/>
        <line num="75" type="method" name="mapArray" visibility="public" complexity="1" crap="1" count="9"/>
        <line num="77" type="stmt" count="9"/>
        <line num="81" type="stmt" count="9"/>
        <line num="82" type="stmt" count="9"/>
        <line num="83" type="stmt" count="9"/>
        <line num="90" type="method" name="createMap" visibility="public" complexity="1" crap="2" count="0"/>
        <line num="92" type="stmt" count="0"/>
        <line num="95" type="method" name="createMapBidirectional" visibility="public" complexity="1" crap="2" count="0"/>
        <line num="97" type="stmt" count="0"/>
        <line num="103" type="method" name="createReverseMap" visibility="public" complexity="1" crap="2" count="0"/>
        <line num="105" type="stmt" count="0"/>
        <line num="106" type="stmt" count="0"/>
        <line num="107" type="stmt" count="0"/>
        <line num="114" type="method" name="addProfile" visibility="public" complexity="1" crap="1" count="58"/>
        <line num="116" type="stmt" count="58"/>
        <line num="117" type="stmt" count="58"/>
        <line num="118" type="stmt" count="58"/>
        <line num="121" type="method" name="registerProfiles" visibility="private" complexity="2" crap="2" count="86"/>
        <line num="123" type="stmt" count="86"/>
        <line num="124" type="stmt" count="57"/>
        <line num="132" type="method" name="useConventions" visibility="public" complexity="1" crap="2" count="0"/>
        <line num="134" type="stmt" count="0"/>
        <line num="135" type="stmt" count="0"/>
        <line num="138" type="method" name="setConventionThreshold" visibility="public" complexity="1" crap="2" count="0"/>
        <line num="140" type="stmt" count="0"/>
        <line num="141" type="stmt" count="0"/>
        <line num="144" type="method" name="registerConvention" visibility="public" complexity="1" crap="2" count="0"/>
        <line num="146" type="stmt" count="0"/>
        <line num="147" type="stmt" count="0"/>
        <line num="154" type="method" name="clearCache" visibility="public" complexity="1" crap="2" count="0"/>
        <line num="156" type="stmt" count="0"/>
        <line num="157" type="stmt" count="0"/>
        <line num="158" type="stmt" count="0"/>
        <line num="161" type="method" name="warmupCache" visibility="public" complexity="1" crap="1" count="85"/>
        <line num="163" type="stmt" count="85"/>
        <line num="164" type="stmt" count="85"/>
        <line num="167" type="method" name="getCache" visibility="public" complexity="1" crap="2" count="0"/>
        <line num="169" type="stmt" count="0"/>
        <line num="176" type="method" name="addPropertyMapping" visibility="public" complexity="1" crap="2" count="0"/>
        <line num="178" type="stmt" count="0"/>
        <line num="181" type="method" name="getMapping" visibility="public" complexity="1" crap="2" count="0"/>
        <line num="183" type="stmt" count="0"/>
        <line num="186" type="method" name="getMappingsForTypes" visibility="public" complexity="1" crap="2" count="0"/>
        <line num="188" type="stmt" count="0"/>
        <line num="198" type="method" name="getInstance" visibility="public" complexity="2" crap="2" count="40"/>
        <line num="200" type="stmt" count="40"/>
        <line num="201" type="stmt" count="1"/>
        <line num="202" type="stmt" count="1"/>
        <line num="203" type="stmt" count="1"/>
        <line num="204" type="stmt" count="1"/>
        <line num="205" type="stmt" count="1"/>
        <line num="206" type="stmt" count="1"/>
        <line num="209" type="stmt" count="40"/>
        <line num="215" type="method" name="configure" visibility="public" complexity="1" crap="2" count="0"/>
        <line num="217" type="stmt" count="0"/>
        <line num="218" type="stmt" count="0"/>
        <line num="220" type="stmt" count="0"/>
        <line num="221" type="stmt" count="0"/>
        <line num="224" type="method" name="isConfigured" visibility="public" complexity="1" crap="2" count="0"/>
        <line num="226" type="stmt" count="0"/>
        <line num="229" type="method" name="reset" visibility="public" complexity="1" crap="2" count="0"/>
        <line num="231" type="stmt" count="0"/>
        <line num="232" type="stmt" count="0"/>
        <line num="235" type="method" name="setGlobalInstance" visibility="public" complexity="1" crap="2" count="0"/>
        <line num="237" type="stmt" count="0"/>
        <line num="238" type="stmt" count="0"/>
        <metrics loc="240" ncloc="191" classes="1" methods="23" coveredmethods="8" conditionals="0" coveredconditionals="0" statements="59" coveredstatements="32" elements="82" coveredelements="40"/>
      </file>
      <file name="/app/src/Mapping/PropertyMapping.php">
        <class name="Ninja\Granite\Mapping\PropertyMapping" namespace="Ninja\Granite\Mapping">
          <metrics complexity="25" methods="15" coveredmethods="9" conditionals="0" coveredconditionals="0" statements="40" coveredstatements="22" elements="55" coveredelements="31"/>
        </class>
        <line num="22" type="method" name="mapFrom" visibility="public" complexity="1" crap="1" count="15"/>
        <line num="24" type="stmt" count="15"/>
        <line num="25" type="stmt" count="15"/>
        <line num="31" type="method" name="using" visibility="public" complexity="1" crap="1" count="26"/>
        <line num="33" type="stmt" count="26"/>
        <line num="34" type="stmt" count="26"/>
        <line num="40" type="method" name="ignore" visibility="public" complexity="1" crap="1" count="3"/>
        <line num="42" type="stmt" count="3"/>
        <line num="43" type="stmt" count="3"/>
        <line num="52" type="method" name="onlyIf" visibility="public" complexity="1" crap="2" count="0"/>
        <line num="54" type="stmt" count="0"/>
        <line num="55" type="stmt" count="0"/>
        <line num="58" type="method" name="asCollection" visibility="public" complexity="1" crap="2" count="0"/>
        <line num="65" type="stmt" count="0"/>
        <line num="66" type="stmt" count="0"/>
        <line num="67" type="stmt" count="0"/>
        <line num="68" type="stmt" count="0"/>
        <line num="69" type="stmt" count="0"/>
        <line num="70" type="stmt" count="0"/>
        <line num="72" type="stmt" count="0"/>
        <line num="81" type="method" name="defaultValue" visibility="public" complexity="1" crap="2" count="0"/>
        <line num="83" type="stmt" count="0"/>
        <line num="84" type="stmt" count="0"/>
        <line num="85" type="stmt" count="0"/>
        <line num="91" type="method" name="transform" visibility="public" complexity="10" crap="10.46" count="17"/>
        <line num="94" type="stmt" count="17"/>
        <line num="95" type="stmt" count="2"/>
        <line num="99" type="stmt" count="15"/>
        <line num="100" type="stmt" count="0"/>
        <line num="104" type="stmt" count="15"/>
        <line num="105" type="stmt" count="14"/>
        <line num="106" type="stmt" count="12"/>
        <line num="107" type="stmt" count="2"/>
        <line num="108" type="stmt" count="2"/>
        <line num="113" type="stmt" count="15"/>
        <line num="114" type="stmt" count="0"/>
        <line num="117" type="stmt" count="15"/>
        <line num="120" type="method" name="getSourceProperty" visibility="public" complexity="1" crap="1" count="16"/>
        <line num="122" type="stmt" count="16"/>
        <line num="125" type="method" name="isIgnored" visibility="public" complexity="1" crap="1" count="11"/>
        <line num="127" type="stmt" count="11"/>
        <line num="130" type="method" name="hasCondition" visibility="public" complexity="1" crap="2" count="0"/>
        <line num="132" type="stmt" count="0"/>
        <line num="138" type="method" name="getCondition" visibility="public" complexity="1" crap="1" count="9"/>
        <line num="140" type="stmt" count="9"/>
        <line num="143" type="method" name="getDefaultValue" visibility="public" complexity="1" crap="1" count="9"/>
        <line num="145" type="stmt" count="9"/>
        <line num="148" type="method" name="hasDefaultValue" visibility="public" complexity="1" crap="1" count="9"/>
        <line num="150" type="stmt" count="9"/>
        <line num="156" type="method" name="getTransformer" visibility="public" complexity="1" crap="1" count="9"/>
        <line num="158" type="stmt" count="9"/>
        <line num="164" type="method" name="setMapper" visibility="public" complexity="2" crap="6" count="0"/>
        <line num="166" type="stmt" count="0"/>
        <line num="167" type="stmt" count="0"/>
        <line num="170" type="stmt" count="0"/>
        <metrics loc="172" ncloc="132" classes="1" methods="15" coveredmethods="9" conditionals="0" coveredconditionals="0" statements="40" coveredstatements="22" elements="55" coveredelements="31"/>
      </file>
      <file name="/app/src/Mapping/TypeMapping.php">
        <class name="Ninja\Granite\Mapping\TypeMapping" namespace="Ninja\Granite\Mapping">
          <metrics complexity="35" methods="10" coveredmethods="1" conditionals="0" coveredconditionals="0" statements="114" coveredstatements="11" elements="124" coveredelements="12"/>
        </class>
        <line num="29" type="method" name="__construct" visibility="public" complexity="1" crap="1" count="28"/>
        <line num="33" type="stmt" count="28"/>
        <line num="43" type="method" name="forMember" visibility="public" complexity="2" crap="2.21" count="26"/>
        <line num="45" type="stmt" count="26"/>
        <line num="46" type="stmt" count="0"/>
        <line num="47" type="stmt" count="0"/>
        <line num="48" type="stmt" count="0"/>
        <line num="49" type="stmt" count="0"/>
        <line num="50" type="stmt" count="0"/>
        <line num="51" type="stmt" count="0"/>
        <line num="54" type="stmt" count="26"/>
        <line num="55" type="stmt" count="26"/>
        <line num="57" type="stmt" count="26"/>
        <line num="58" type="stmt" count="26"/>
        <line num="59" type="stmt" count="26"/>
        <line num="60" type="stmt" count="26"/>
        <line num="61" type="stmt" count="26"/>
        <line num="62" type="stmt" count="26"/>
        <line num="64" type="stmt" count="26"/>
        <line num="73" type="method" name="seal" visibility="public" complexity="6" crap="42" count="0"/>
        <line num="75" type="stmt" count="0"/>
        <line num="76" type="stmt" count="0"/>
        <line num="81" type="stmt" count="0"/>
        <line num="84" type="stmt" count="0"/>
        <line num="87" type="stmt" count="0"/>
        <line num="88" type="stmt" count="0"/>
        <line num="92" type="stmt" count="0"/>
        <line num="95" type="stmt" count="0"/>
        <line num="98" type="stmt" count="0"/>
        <line num="100" type="stmt" count="0"/>
        <line num="101" type="stmt" count="0"/>
        <line num="103" type="stmt" count="0"/>
        <line num="104" type="stmt" count="0"/>
        <line num="106" type="stmt" count="0"/>
        <line num="107" type="stmt" count="0"/>
        <line num="108" type="stmt" count="0"/>
        <line num="109" type="stmt" count="0"/>
        <line num="110" type="stmt" count="0"/>
        <line num="111" type="stmt" count="0"/>
        <line num="112" type="stmt" count="0"/>
        <line num="113" type="stmt" count="0"/>
        <line num="123" type="method" name="validateDestinationProperties" visibility="private" complexity="5" crap="30" count="0"/>
        <line num="125" type="stmt" count="0"/>
        <line num="126" type="stmt" count="0"/>
        <line num="127" type="stmt" count="0"/>
        <line num="128" type="stmt" count="0"/>
        <line num="129" type="stmt" count="0"/>
        <line num="130" type="stmt" count="0"/>
        <line num="134" type="stmt" count="0"/>
        <line num="135" type="stmt" count="0"/>
        <line num="136" type="stmt" count="0"/>
        <line num="137" type="stmt" count="0"/>
        <line num="138" type="stmt" count="0"/>
        <line num="140" type="stmt" count="0"/>
        <line num="141" type="stmt" count="0"/>
        <line num="142" type="stmt" count="0"/>
        <line num="143" type="stmt" count="0"/>
        <line num="144" type="stmt" count="0"/>
        <line num="145" type="stmt" count="0"/>
        <line num="146" type="stmt" count="0"/>
        <line num="147" type="stmt" count="0"/>
        <line num="150" type="stmt" count="0"/>
        <line num="151" type="stmt" count="0"/>
        <line num="152" type="stmt" count="0"/>
        <line num="153" type="stmt" count="0"/>
        <line num="154" type="stmt" count="0"/>
        <line num="155" type="stmt" count="0"/>
        <line num="165" type="method" name="validateSourceProperties" visibility="private" complexity="6" crap="42" count="0"/>
        <line num="168" type="stmt" count="0"/>
        <line num="169" type="stmt" count="0"/>
        <line num="170" type="stmt" count="0"/>
        <line num="171" type="stmt" count="0"/>
        <line num="172" type="stmt" count="0"/>
        <line num="174" type="stmt" count="0"/>
        <line num="175" type="stmt" count="0"/>
        <line num="178" type="stmt" count="0"/>
        <line num="179" type="stmt" count="0"/>
        <line num="182" type="stmt" count="0"/>
        <line num="183" type="stmt" count="0"/>
        <line num="184" type="stmt" count="0"/>
        <line num="185" type="stmt" count="0"/>
        <line num="186" type="stmt" count="0"/>
        <line num="187" type="stmt" count="0"/>
        <line num="188" type="stmt" count="0"/>
        <line num="191" type="stmt" count="0"/>
        <line num="192" type="stmt" count="0"/>
        <line num="193" type="stmt" count="0"/>
        <line num="194" type="stmt" count="0"/>
        <line num="195" type="stmt" count="0"/>
        <line num="196" type="stmt" count="0"/>
        <line num="206" type="method" name="validateTransformersAndConditions" visibility="private" complexity="5" crap="30" count="0"/>
        <line num="208" type="stmt" count="0"/>
        <line num="209" type="stmt" count="0"/>
        <line num="211" type="stmt" count="0"/>
        <line num="212" type="stmt" count="0"/>
        <line num="213" type="stmt" count="0"/>
        <line num="214" type="stmt" count="0"/>
        <line num="215" type="stmt" count="0"/>
        <line num="216" type="stmt" count="0"/>
        <line num="217" type="stmt" count="0"/>
        <line num="231" type="method" name="detectConflicts" visibility="private" complexity="7" crap="56" count="0"/>
        <line num="233" type="stmt" count="0"/>
        <line num="234" type="stmt" count="0"/>
        <line num="237" type="stmt" count="0"/>
        <line num="238" type="stmt" count="0"/>
        <line num="239" type="stmt" count="0"/>
        <line num="240" type="stmt" count="0"/>
        <line num="243" type="stmt" count="0"/>
        <line num="244" type="stmt" count="0"/>
        <line num="245" type="stmt" count="0"/>
        <line num="250" type="stmt" count="0"/>
        <line num="251" type="stmt" count="0"/>
        <line num="252" type="stmt" count="0"/>
        <line num="253" type="stmt" count="0"/>
        <line num="254" type="stmt" count="0"/>
        <line num="255" type="stmt" count="0"/>
        <line num="256" type="stmt" count="0"/>
        <line num="257" type="stmt" count="0"/>
        <line num="267" type="method" name="isSealed" visibility="public" complexity="1" crap="2" count="0"/>
        <line num="269" type="stmt" count="0"/>
        <line num="277" type="method" name="getSourceType" visibility="public" complexity="1" crap="2" count="0"/>
        <line num="279" type="stmt" count="0"/>
        <line num="287" type="method" name="getDestinationType" visibility="public" complexity="1" crap="2" count="0"/>
        <line num="289" type="stmt" count="0"/>
        <metrics loc="291" ncloc="211" classes="1" methods="10" coveredmethods="1" conditionals="0" coveredconditionals="0" statements="114" coveredstatements="11" elements="124" coveredelements="12"/>
      </file>
    </package>
    <package name="Ninja\Granite\Mapping\Cache">
      <file name="/app/src/Mapping/Cache/CacheFactory.php">
        <class name="Ninja\Granite\Mapping\Cache\CacheFactory" namespace="Ninja\Granite\Mapping\Cache">
          <metrics complexity="7" methods="3" coveredmethods="1" conditionals="0" coveredconditionals="0" statements="6" coveredstatements="3" elements="9" coveredelements="4"/>
        </class>
        <line num="24" type="method" name="create" visibility="public" complexity="4" crap="4" count="10"/>
        <line num="27" type="stmt" count="10"/>
        <line num="28" type="stmt" count="10"/>
        <line num="29" type="stmt" count="10"/>
        <line num="39" type="method" name="setCacheDirectory" visibility="public" complexity="1" crap="2" count="0"/>
        <line num="41" type="stmt" count="0"/>
        <line num="49" type="method" name="getCachePath" visibility="private" complexity="2" crap="6" count="0"/>
        <line num="51" type="stmt" count="0"/>
        <line num="52" type="stmt" count="0"/>
        <metrics loc="54" ncloc="31" classes="1" methods="3" coveredmethods="1" conditionals="0" coveredconditionals="0" statements="6" coveredstatements="3" elements="9" coveredelements="4"/>
      </file>
      <file name="/app/src/Mapping/Cache/InMemoryMappingCache.php">
        <class name="Ninja\Granite\Mapping\Cache\InMemoryMappingCache" namespace="Ninja\Granite\Mapping\Cache">
          <metrics complexity="5" methods="5" coveredmethods="4" conditionals="0" coveredconditionals="0" statements="8" coveredstatements="7" elements="13" coveredelements="11"/>
        </class>
        <line num="26" type="method" name="has" visibility="public" complexity="1" crap="1" count="21"/>
        <line num="28" type="stmt" count="21"/>
        <line num="29" type="stmt" count="21"/>
        <line num="39" type="method" name="get" visibility="public" complexity="1" crap="1" count="11"/>
        <line num="41" type="stmt" count="11"/>
        <line num="42" type="stmt" count="11"/>
        <line num="53" type="method" name="put" visibility="public" complexity="1" crap="1" count="21"/>
        <line num="55" type="stmt" count="21"/>
        <line num="56" type="stmt" count="21"/>
        <line num="64" type="method" name="clear" visibility="public" complexity="1" crap="2" count="0"/>
        <line num="66" type="stmt" count="0"/>
        <line num="76" type="method" name="getCacheKey" visibility="private" complexity="1" crap="1" count="21"/>
        <line num="78" type="stmt" count="21"/>
        <metrics loc="80" ncloc="38" classes="1" methods="5" coveredmethods="4" conditionals="0" coveredconditionals="0" statements="8" coveredstatements="7" elements="13" coveredelements="11"/>
      </file>
      <file name="/app/src/Mapping/Cache/PersistentMappingCache.php">
        <class name="Ninja\Granite\Mapping\Cache\PersistentMappingCache" namespace="Ninja\Granite\Mapping\Cache">
          <metrics complexity="18" methods="9" coveredmethods="0" conditionals="0" coveredconditionals="0" statements="41" coveredstatements="0" elements="50" coveredelements="0"/>
        </class>
        <line num="33" type="method" name="__construct" visibility="public" complexity="1" crap="2" count="0"/>
        <line num="35" type="stmt" count="0"/>
        <line num="36" type="stmt" count="0"/>
        <line num="37" type="stmt" count="0"/>
        <line num="40" type="stmt" count="0"/>
        <line num="50" type="method" name="has" visibility="public" complexity="1" crap="2" count="0"/>
        <line num="52" type="stmt" count="0"/>
        <line num="62" type="method" name="get" visibility="public" complexity="1" crap="2" count="0"/>
        <line num="64" type="stmt" count="0"/>
        <line num="75" type="method" name="put" visibility="public" complexity="1" crap="2" count="0"/>
        <line num="77" type="stmt" count="0"/>
        <line num="78" type="stmt" count="0"/>
        <line num="86" type="method" name="clear" visibility="public" complexity="1" crap="2" count="0"/>
        <line num="88" type="stmt" count="0"/>
        <line num="89" type="stmt" count="0"/>
        <line num="90" type="stmt" count="0"/>
        <line num="98" type="method" name="loadCache" visibility="private" complexity="6" crap="42" count="0"/>
        <line num="100" type="stmt" count="0"/>
        <line num="101" type="stmt" count="0"/>
        <line num="105" type="stmt" count="0"/>
        <line num="106" type="stmt" count="0"/>
        <line num="107" type="stmt" count="0"/>
        <line num="110" type="stmt" count="0"/>
        <line num="111" type="stmt" count="0"/>
        <line num="112" type="stmt" count="0"/>
        <line num="115" type="stmt" count="0"/>
        <line num="116" type="stmt" count="0"/>
        <line num="117" type="stmt" count="0"/>
        <line num="119" type="stmt" count="0"/>
        <line num="121" type="stmt" count="0"/>
        <line num="130" type="method" name="save" visibility="public" complexity="4" crap="20" count="0"/>
        <line num="133" type="stmt" count="0"/>
        <line num="134" type="stmt" count="0"/>
        <line num="135" type="stmt" count="0"/>
        <line num="138" type="stmt" count="0"/>
        <line num="139" type="stmt" count="0"/>
        <line num="141" type="stmt" count="0"/>
        <line num="142" type="stmt" count="0"/>
        <line num="143" type="stmt" count="0"/>
        <line num="144" type="stmt" count="0"/>
        <line num="146" type="stmt" count="0"/>
        <line num="150" type="stmt" count="0"/>
        <line num="158" type="method" name="saveIfDirty" visibility="public" complexity="2" crap="6" count="0"/>
        <line num="160" type="stmt" count="0"/>
        <line num="161" type="stmt" count="0"/>
        <line num="170" type="method" name="extractCacheData" visibility="private" complexity="1" crap="2" count="0"/>
        <line num="172" type="stmt" count="0"/>
        <line num="173" type="stmt" count="0"/>
        <line num="174" type="stmt" count="0"/>
        <line num="176" type="stmt" count="0"/>
        <metrics loc="178" ncloc="110" classes="1" methods="9" coveredmethods="0" conditionals="0" coveredconditionals="0" statements="41" coveredstatements="0" elements="50" coveredelements="0"/>
      </file>
      <file name="/app/src/Mapping/Cache/SharedMappingCache.php">
        <class name="Ninja\Granite\Mapping\Cache\SharedMappingCache" namespace="Ninja\Granite\Mapping\Cache">
          <metrics complexity="10" methods="7" coveredmethods="2" conditionals="0" coveredconditionals="0" statements="22" coveredstatements="6" elements="29" coveredelements="8"/>
        </class>
        <line num="31" type="method" name="__construct" visibility="private" complexity="1" crap="2" count="0"/>
        <line num="33" type="stmt" count="0"/>
        <line num="41" type="method" name="getInstance" visibility="public" complexity="2" crap="6" count="0"/>
        <line num="43" type="stmt" count="0"/>
        <line num="44" type="stmt" count="0"/>
        <line num="47" type="stmt" count="0"/>
        <line num="57" type="method" name="has" visibility="public" complexity="1" crap="1" count="11"/>
        <line num="59" type="stmt" count="11"/>
        <line num="69" type="method" name="get" visibility="public" complexity="2" crap="2.03" count="2"/>
        <line num="71" type="stmt" count="2"/>
        <line num="73" type="stmt" count="2"/>
        <line num="74" type="stmt" count="2"/>
        <line num="76" type="stmt" count="0"/>
        <line num="79" type="stmt" count="2"/>
        <line num="90" type="method" name="put" visibility="public" complexity="1" crap="1" count="11"/>
        <line num="92" type="stmt" count="11"/>
        <line num="100" type="method" name="clear" visibility="public" complexity="1" crap="2" count="0"/>
        <line num="102" type="stmt" count="0"/>
        <line num="103" type="stmt" count="0"/>
        <line num="104" type="stmt" count="0"/>
        <line num="112" type="method" name="getStats" visibility="public" complexity="2" crap="6" count="0"/>
        <line num="114" type="stmt" count="0"/>
        <line num="115" type="stmt" count="0"/>
        <line num="117" type="stmt" count="0"/>
        <line num="118" type="stmt" count="0"/>
        <line num="119" type="stmt" count="0"/>
        <line num="120" type="stmt" count="0"/>
        <line num="121" type="stmt" count="0"/>
        <line num="122" type="stmt" count="0"/>
        <metrics loc="124" ncloc="72" classes="1" methods="7" coveredmethods="2" conditionals="0" coveredconditionals="0" statements="22" coveredstatements="6" elements="29" coveredelements="8"/>
      </file>
    </package>
    <file name="/app/src/Mapping/Contracts/Mapper.php">
      <metrics loc="35" ncloc="12" classes="0" methods="0" coveredmethods="0" conditionals="0" coveredconditionals="0" statements="0" coveredstatements="0" elements="0" coveredelements="0"/>
    </file>
    <file name="/app/src/Mapping/Contracts/MappingCache.php">
      <metrics loc="44" ncloc="14" classes="0" methods="0" coveredmethods="0" conditionals="0" coveredconditionals="0" statements="0" coveredstatements="0" elements="0" coveredelements="0"/>
    </file>
    <file name="/app/src/Mapping/Contracts/MappingStorage.php">
      <metrics loc="41" ncloc="14" classes="0" methods="0" coveredmethods="0" conditionals="0" coveredconditionals="0" statements="0" coveredstatements="0" elements="0" coveredelements="0"/>
    </file>
    <file name="/app/src/Mapping/Contracts/NamingConvention.php">
      <metrics loc="33" ncloc="17" classes="0" methods="0" coveredmethods="0" conditionals="0" coveredconditionals="0" statements="0" coveredstatements="0" elements="0" coveredelements="0"/>
    </file>
    <file name="/app/src/Mapping/Contracts/Transformer.php">
      <metrics loc="15" ncloc="8" classes="0" methods="0" coveredmethods="0" conditionals="0" coveredconditionals="0" statements="0" coveredstatements="0" elements="0" coveredelements="0"/>
    </file>
    <package name="Ninja\Granite\Mapping\Conventions">
      <file name="/app/src/Mapping/Conventions/AbbreviationConvention.php">
        <class name="Ninja\Granite\Mapping\Conventions\AbbreviationConvention" namespace="Ninja\Granite\Mapping\Conventions">
          <metrics complexity="20" methods="6" coveredmethods="0" conditionals="0" coveredconditionals="0" statements="43" coveredstatements="0" elements="49" coveredelements="0"/>
        </class>
        <line num="37" type="method" name="getName" visibility="public" complexity="1" crap="2" count="0"/>
        <line num="39" type="stmt" count="0"/>
        <line num="42" type="method" name="matches" visibility="public" complexity="6" crap="42" count="0"/>
        <line num="44" type="stmt" count="0"/>
        <line num="46" type="stmt" count="0"/>
        <line num="47" type="stmt" count="0"/>
        <line num="48" type="stmt" count="0"/>
        <line num="49" type="stmt" count="0"/>
        <line num="53" type="stmt" count="0"/>
        <line num="56" type="method" name="normalize" visibility="public" complexity="4" crap="20" count="0"/>
        <line num="58" type="stmt" count="0"/>
        <line num="59" type="stmt" count="0"/>
        <line num="62" type="stmt" count="0"/>
        <line num="63" type="stmt" count="0"/>
        <line num="64" type="stmt" count="0"/>
        <line num="67" type="stmt" count="0"/>
        <line num="68" type="stmt" count="0"/>
        <line num="69" type="stmt" count="0"/>
        <line num="70" type="stmt" count="0"/>
        <line num="74" type="stmt" count="0"/>
        <line num="77" type="method" name="denormalize" visibility="public" complexity="2" crap="6" count="0"/>
        <line num="80" type="stmt" count="0"/>
        <line num="81" type="stmt" count="0"/>
        <line num="83" type="stmt" count="0"/>
        <line num="84" type="stmt" count="0"/>
        <line num="87" type="stmt" count="0"/>
        <line num="90" type="method" name="calculateMatchConfidence" visibility="public" complexity="4" crap="20" count="0"/>
        <line num="92" type="stmt" count="0"/>
        <line num="93" type="stmt" count="0"/>
        <line num="96" type="stmt" count="0"/>
        <line num="97" type="stmt" count="0"/>
        <line num="101" type="stmt" count="0"/>
        <line num="102" type="stmt" count="0"/>
        <line num="104" type="stmt" count="0"/>
        <line num="105" type="stmt" count="0"/>
        <line num="107" type="stmt" count="0"/>
        <line num="108" type="stmt" count="0"/>
        <line num="111" type="stmt" count="0"/>
        <line num="117" type="method" name="detectConvention" visibility="private" complexity="3" crap="12" count="0"/>
        <line num="119" type="stmt" count="0"/>
        <line num="120" type="stmt" count="0"/>
        <line num="121" type="stmt" count="0"/>
        <line num="122" type="stmt" count="0"/>
        <line num="123" type="stmt" count="0"/>
        <line num="124" type="stmt" count="0"/>
        <line num="126" type="stmt" count="0"/>
        <line num="127" type="stmt" count="0"/>
        <line num="128" type="stmt" count="0"/>
        <line num="132" type="stmt" count="0"/>
        <metrics loc="135" ncloc="119" classes="1" methods="6" coveredmethods="0" conditionals="0" coveredconditionals="0" statements="43" coveredstatements="0" elements="49" coveredelements="0"/>
      </file>
      <file name="/app/src/Mapping/Conventions/AbstractNamingConvention.php">
        <class name="Ninja\Granite\Mapping\Conventions\AbstractNamingConvention" namespace="Ninja\Granite\Mapping\Conventions">
          <metrics complexity="26" methods="3" coveredmethods="0" conditionals="0" coveredconditionals="0" statements="47" coveredstatements="31" elements="50" coveredelements="31"/>
        </class>
        <line num="42" type="method" name="calculateMatchConfidence" visibility="public" complexity="7" crap="7.12" count="6"/>
        <line num="45" type="stmt" count="6"/>
        <line num="46" type="stmt" count="2"/>
        <line num="50" type="stmt" count="4"/>
        <line num="51" type="stmt" count="2"/>
        <line num="56" type="stmt" count="2"/>
        <line num="59" type="stmt" count="2"/>
        <line num="62" type="stmt" count="2"/>
        <line num="63" type="stmt" count="0"/>
        <line num="67" type="stmt" count="2"/>
        <line num="68" type="stmt" count="2"/>
        <line num="69" type="stmt" count="0"/>
        <line num="72" type="stmt" count="2"/>
        <line num="73" type="stmt" count="2"/>
        <line num="76" type="stmt" count="2"/>
        <line num="79" type="stmt" count="2"/>
        <line num="89" type="method" name="calculateSameConventionConfidence" visibility="protected" complexity="5" crap="5.31" count="2"/>
        <line num="92" type="stmt" count="2"/>
        <line num="93" type="stmt" count="0"/>
        <line num="97" type="stmt" count="2"/>
        <line num="98" type="stmt" count="2"/>
        <line num="100" type="stmt" count="2"/>
        <line num="101" type="stmt" count="0"/>
        <line num="105" type="stmt" count="2"/>
        <line num="106" type="stmt" count="2"/>
        <line num="107" type="stmt" count="0"/>
        <line num="110" type="stmt" count="2"/>
        <line num="111" type="stmt" count="2"/>
        <line num="114" type="stmt" count="2"/>
        <line num="118" type="stmt" count="2"/>
        <line num="129" type="method" name="applySemanticRelationshipBonus" visibility="protected" complexity="14" crap="52.03" count="4"/>
        <line num="132" type="stmt" count="4"/>
        <line num="133" type="stmt" count="4"/>
        <line num="136" type="stmt" count="4"/>
        <line num="137" type="stmt" count="4"/>
        <line num="139" type="stmt" count="4"/>
        <line num="141" type="stmt" count="4"/>
        <line num="142" type="stmt" count="0"/>
        <line num="145" type="stmt" count="0"/>
        <line num="146" type="stmt" count="0"/>
        <line num="147" type="stmt" count="0"/>
        <line num="148" type="stmt" count="0"/>
        <line num="155" type="stmt" count="4"/>
        <line num="158" type="stmt" count="0"/>
        <line num="159" type="stmt" count="0"/>
        <line num="160" type="stmt" count="0"/>
        <line num="161" type="stmt" count="0"/>
        <line num="163" type="stmt" count="0"/>
        <line num="166" type="stmt" count="0"/>
        <line num="169" type="stmt" count="4"/>
        <metrics loc="172" ncloc="118" classes="1" methods="3" coveredmethods="0" conditionals="0" coveredconditionals="0" statements="47" coveredstatements="31" elements="50" coveredelements="31"/>
      </file>
      <file name="/app/src/Mapping/Conventions/CamelCaseConvention.php">
        <class name="Ninja\Granite\Mapping\Conventions\CamelCaseConvention" namespace="Ninja\Granite\Mapping\Conventions">
          <metrics complexity="6" methods="4" coveredmethods="3" conditionals="0" coveredconditionals="0" statements="10" coveredstatements="9" elements="14" coveredelements="12"/>
        </class>
        <line num="12" type="method" name="getName" visibility="public" complexity="1" crap="2" count="0"/>
[...]
        </class>
        <line num="14" type="method" name="validate" visibility="public" complexity="2" crap="2" count="41"/>
        <line num="16" type="stmt" count="41"/>
        <line num="25" type="method" name="defaultMessage" visibility="protected" complexity="1" crap="1" count="2"/>
        <line num="27" type="stmt" count="2"/>
        <metrics loc="29" ncloc="16" classes="1" methods="2" coveredmethods="2" conditionals="0" coveredconditionals="0" statements="2" coveredstatements="2" elements="4" coveredelements="4"/>
      </file>
      <file name="/app/src/Validation/Rules/BooleanType.php">
        <class name="Ninja\Granite\Validation\Rules\BooleanType" namespace="Ninja\Granite\Validation\Rules">
          <metrics complexity="3" methods="2" coveredmethods="2" conditionals="0" coveredconditionals="0" statements="2" coveredstatements="2" elements="4" coveredelements="4"/>
        </class>
        <line num="14" type="method" name="validate" visibility="public" complexity="2" crap="2" count="26"/>
        <line num="16" type="stmt" count="26"/>
        <line num="25" type="method" name="defaultMessage" visibility="protected" complexity="1" crap="1" count="2"/>
        <line num="27" type="stmt" count="2"/>
        <metrics loc="29" ncloc="16" classes="1" methods="2" coveredmethods="2" conditionals="0" coveredconditionals="0" statements="2" coveredstatements="2" elements="4" coveredelements="4"/>
      </file>
      <file name="/app/src/Validation/Rules/Callback.php">
        <class name="Ninja\Granite\Validation\Rules\Callback" namespace="Ninja\Granite\Validation\Rules">
          <metrics complexity="4" methods="3" coveredmethods="3" conditionals="0" coveredconditionals="0" statements="3" coveredstatements="3" elements="6" coveredelements="6"/>
        </class>
        <line num="12" type="method" name="__construct" visibility="public" complexity="1" crap="1" count="22"/>
        <line num="14" type="stmt" count="22"/>
        <line num="23" type="method" name="validate" visibility="public" complexity="2" crap="2" count="16"/>
        <line num="25" type="stmt" count="16"/>
        <line num="34" type="method" name="defaultMessage" visibility="protected" complexity="1" crap="1" count="2"/>
        <line num="36" type="stmt" count="2"/>
        <metrics loc="38" ncloc="20" classes="1" methods="3" coveredmethods="3" conditionals="0" coveredconditionals="0" statements="3" coveredstatements="3" elements="6" coveredelements="6"/>
      </file>
      <file name="/app/src/Validation/Rules/Each.php">
        <class name="Ninja\Granite\Validation\Rules\Each" namespace="Ninja\Granite\Validation\Rules">
          <metrics complexity="13" methods="3" coveredmethods="3" conditionals="0" coveredconditionals="0" statements="22" coveredstatements="22" elements="25" coveredelements="25"/>
        </class>
        <line num="24" type="method" name="__construct" visibility="public" complexity="1" crap="1" count="23"/>
        <line num="27" type="stmt" count="23"/>
        <line num="36" type="method" name="validate" visibility="public" complexity="9" crap="9" count="18"/>
        <line num="38" type="stmt" count="18"/>
        <line num="39" type="stmt" count="18"/>
        <line num="42" type="stmt" count="18"/>
        <line num="43" type="stmt" count="3"/>
        <line num="47" type="stmt" count="16"/>
        <line num="49" type="stmt" count="16"/>
        <line num="50" type="stmt" count="11"/>
        <line num="51" type="stmt" count="11"/>
        <line num="52" type="stmt" count="11"/>
        <line num="57" type="stmt" count="5"/>
        <line num="58" type="stmt" count="5"/>
        <line num="59" type="stmt" count="5"/>
        <line num="60" type="stmt" count="5"/>
        <line num="61" type="stmt" count="5"/>
        <line num="67" type="stmt" count="7"/>
        <line num="76" type="method" name="defaultMessage" visibility="protected" complexity="3" crap="3" count="10"/>
        <line num="78" type="stmt" count="10"/>
        <line num="79" type="stmt" count="8"/>
        <line num="81" type="stmt" count="8"/>
        <line num="82" type="stmt" count="3"/>
        <line num="85" type="stmt" count="5"/>
        <line num="88" type="stmt" count="2"/>
        <metrics loc="90" ncloc="62" classes="1" methods="3" coveredmethods="3" conditionals="0" coveredconditionals="0" statements="22" coveredstatements="22" elements="25" coveredelements="25"/>
      </file>
      <file name="/app/src/Validation/Rules/Email.php">
        <class name="Ninja\Granite\Validation\Rules\Email" namespace="Ninja\Granite\Validation\Rules">
          <metrics complexity="4" methods="2" coveredmethods="2" conditionals="0" coveredconditionals="0" statements="6" coveredstatements="6" elements="8" coveredelements="8"/>
        </class>
        <line num="14" type="method" name="validate" visibility="public" complexity="3" crap="3" count="4"/>
        <line num="16" type="stmt" count="4"/>
        <line num="17" type="stmt" count="1"/>
        <line num="20" type="stmt" count="3"/>
        <line num="21" type="stmt" count="1"/>
        <line num="24" type="stmt" count="2"/>
        <line num="33" type="method" name="defaultMessage" visibility="protected" complexity="1" crap="1" count="1"/>
        <line num="35" type="stmt" count="1"/>
        <metrics loc="37" ncloc="24" classes="1" methods="2" coveredmethods="2" conditionals="0" coveredconditionals="0" statements="6" coveredstatements="6" elements="8" coveredelements="8"/>
      </file>
      <file name="/app/src/Validation/Rules/EnumType.php">
        <class name="Ninja\Granite\Validation\Rules\EnumType" namespace="Ninja\Granite\Validation\Rules">
          <metrics complexity="10" methods="3" coveredmethods="3" conditionals="0" coveredconditionals="0" statements="16" coveredstatements="16" elements="19" coveredelements="19"/>
        </class>
        <line num="14" type="method" name="__construct" visibility="public" complexity="1" crap="1" count="38"/>
        <line num="16" type="stmt" count="38"/>
        <line num="25" type="method" name="validate" visibility="public" complexity="7" crap="7" count="32"/>
        <line num="27" type="stmt" count="32"/>
        <line num="28" type="stmt" count="1"/>
        <line num="32" type="stmt" count="31"/>
        <line num="33" type="stmt" count="11"/>
        <line num="37" type="stmt" count="24"/>
        <line num="38" type="stmt" count="24"/>
        <line num="39" type="stmt" count="2"/>
        <line num="43" type="stmt" count="22"/>
        <line num="44" type="stmt" count="22"/>
        <line num="45" type="stmt" count="22"/>
        <line num="46" type="stmt" count="22"/>
        <line num="49" type="stmt" count="2"/>
        <line num="58" type="method" name="defaultMessage" visibility="protected" complexity="2" crap="2" count="2"/>
        <line num="60" type="stmt" count="2"/>
        <line num="61" type="stmt" count="1"/>
        <line num="64" type="stmt" count="1"/>
        <metrics loc="66" ncloc="44" classes="1" methods="3" coveredmethods="3" conditionals="0" coveredconditionals="0" statements="16" coveredstatements="16" elements="19" coveredelements="19"/>
      </file>
      <file name="/app/src/Validation/Rules/In.php">
        <class name="Ninja\Granite\Validation\Rules\In" namespace="Ninja\Granite\Validation\Rules">
          <metrics complexity="5" methods="3" coveredmethods="3" conditionals="0" coveredconditionals="0" statements="6" coveredstatements="6" elements="9" coveredelements="9"/>
        </class>
        <line num="12" type="method" name="__construct" visibility="public" complexity="1" crap="1" count="41"/>
        <line num="14" type="stmt" count="41"/>
        <line num="23" type="method" name="validate" visibility="public" complexity="2" crap="2" count="36"/>
        <line num="25" type="stmt" count="36"/>
        <line num="34" type="method" name="defaultMessage" visibility="protected" complexity="2" crap="2" count="1"/>
        <line num="36" type="stmt" count="1"/>
        <line num="37" type="stmt" count="1"/>
        <line num="38" type="stmt" count="1"/>
        <line num="40" type="stmt" count="1"/>
        <metrics loc="42" ncloc="24" classes="1" methods="3" coveredmethods="3" conditionals="0" coveredconditionals="0" statements="6" coveredstatements="6" elements="9" coveredelements="9"/>
      </file>
      <file name="/app/src/Validation/Rules/IntegerType.php">
        <class name="Ninja\Granite\Validation\Rules\IntegerType" namespace="Ninja\Granite\Validation\Rules">
          <metrics complexity="3" methods="2" coveredmethods="2" conditionals="0" coveredconditionals="0" statements="2" coveredstatements="2" elements="4" coveredelements="4"/>
        </class>
        <line num="14" type="method" name="validate" visibility="public" complexity="2" crap="2" count="39"/>
        <line num="16" type="stmt" count="39"/>
        <line num="25" type="method" name="defaultMessage" visibility="protected" complexity="1" crap="1" count="2"/>
        <line num="27" type="stmt" count="2"/>
        <metrics loc="29" ncloc="16" classes="1" methods="2" coveredmethods="2" conditionals="0" coveredconditionals="0" statements="2" coveredstatements="2" elements="4" coveredelements="4"/>
      </file>
      <file name="/app/src/Validation/Rules/IpAddress.php">
        <class name="Ninja\Granite\Validation\Rules\IpAddress" namespace="Ninja\Granite\Validation\Rules">
          <metrics complexity="4" methods="2" coveredmethods="2" conditionals="0" coveredconditionals="0" statements="6" coveredstatements="6" elements="8" coveredelements="8"/>
        </class>
        <line num="14" type="method" name="validate" visibility="public" complexity="3" crap="3" count="55"/>
        <line num="16" type="stmt" count="55"/>
        <line num="17" type="stmt" count="1"/>
        <line num="20" type="stmt" count="54"/>
        <line num="21" type="stmt" count="7"/>
        <line num="24" type="stmt" count="47"/>
        <line num="33" type="method" name="defaultMessage" visibility="protected" complexity="1" crap="1" count="2"/>
        <line num="35" type="stmt" count="2"/>
        <metrics loc="37" ncloc="24" classes="1" methods="2" coveredmethods="2" conditionals="0" coveredconditionals="0" statements="6" coveredstatements="6" elements="8" coveredelements="8"/>
      </file>
      <file name="/app/src/Validation/Rules/Max.php">
        <class name="Ninja\Granite\Validation\Rules\Max" namespace="Ninja\Granite\Validation\Rules">
          <metrics complexity="8" methods="3" coveredmethods="3" conditionals="0" coveredconditionals="0" statements="11" coveredstatements="11" elements="14" coveredelements="14"/>
        </class>
        <line num="12" type="method" name="__construct" visibility="public" complexity="1" crap="1" count="35"/>
        <line num="14" type="stmt" count="35"/>
        <line num="23" type="method" name="validate" visibility="public" complexity="6" crap="6" count="29"/>
        <line num="25" type="stmt" count="29"/>
        <line num="26" type="stmt" count="1"/>
        <line num="29" type="stmt" count="28"/>
        <line num="30" type="stmt" count="7"/>
        <line num="31" type="stmt" count="22"/>
        <line num="32" type="stmt" count="15"/>
        <line num="33" type="stmt" count="8"/>
        <line num="34" type="stmt" count="7"/>
        <line num="37" type="stmt" count="1"/>
        <line num="46" type="method" name="defaultMessage" visibility="protected" complexity="1" crap="1" count="2"/>
        <line num="48" type="stmt" count="2"/>
        <metrics loc="50" ncloc="32" classes="1" methods="3" coveredmethods="3" conditionals="0" coveredconditionals="0" statements="11" coveredstatements="11" elements="14" coveredelements="14"/>
      </file>
      <file name="/app/src/Validation/Rules/Min.php">
        <class name="Ninja\Granite\Validation\Rules\Min" namespace="Ninja\Granite\Validation\Rules">
          <metrics complexity="8" methods="3" coveredmethods="3" conditionals="0" coveredconditionals="0" statements="11" coveredstatements="11" elements="14" coveredelements="14"/>
        </class>
        <line num="12" type="method" name="__construct" visibility="public" complexity="1" crap="1" count="27"/>
        <line num="16" type="stmt" count="27"/>
        <line num="25" type="method" name="validate" visibility="public" complexity="6" crap="6" count="24"/>
        <line num="27" type="stmt" count="24"/>
        <line num="28" type="stmt" count="1"/>
        <line num="31" type="stmt" count="23"/>
        <line num="32" type="stmt" count="5"/>
        <line num="33" type="stmt" count="18"/>
        <line num="34" type="stmt" count="12"/>
        <line num="35" type="stmt" count="6"/>
        <line num="36" type="stmt" count="5"/>
        <line num="39" type="stmt" count="1"/>
        <line num="48" type="method" name="defaultMessage" visibility="protected" complexity="1" crap="1" count="2"/>
        <line num="50" type="stmt" count="2"/>
        <metrics loc="52" ncloc="34" classes="1" methods="3" coveredmethods="3" conditionals="0" coveredconditionals="0" statements="11" coveredstatements="11" elements="14" coveredelements="14"/>
      </file>
      <file name="/app/src/Validation/Rules/NumberType.php">
        <class name="Ninja\Granite\Validation\Rules\NumberType" namespace="Ninja\Granite\Validation\Rules">
          <metrics complexity="4" methods="2" coveredmethods="2" conditionals="0" coveredconditionals="0" statements="2" coveredstatements="2" elements="4" coveredelements="4"/>
        </class>
        <line num="14" type="method" name="validate" visibility="public" complexity="3" crap="3" count="32"/>
        <line num="16" type="stmt" count="32"/>
        <line num="25" type="method" name="defaultMessage" visibility="protected" complexity="1" crap="1" count="2"/>
        <line num="27" type="stmt" count="2"/>
        <metrics loc="29" ncloc="16" classes="1" methods="2" coveredmethods="2" conditionals="0" coveredconditionals="0" statements="2" coveredstatements="2" elements="4" coveredelements="4"/>
      </file>
      <file name="/app/src/Validation/Rules/Regex.php">
        <class name="Ninja\Granite\Validation\Rules\Regex" namespace="Ninja\Granite\Validation\Rules">
          <metrics complexity="5" methods="3" coveredmethods="3" conditionals="0" coveredconditionals="0" statements="7" coveredstatements="7" elements="10" coveredelements="10"/>
        </class>
        <line num="12" type="method" name="__construct" visibility="public" complexity="1" crap="1" count="33"/>
        <line num="14" type="stmt" count="33"/>
        <line num="23" type="method" name="validate" visibility="public" complexity="3" crap="3" count="27"/>
        <line num="25" type="stmt" count="27"/>
        <line num="26" type="stmt" count="1"/>
        <line num="29" type="stmt" count="26"/>
        <line num="30" type="stmt" count="1"/>
        <line num="33" type="stmt" count="25"/>
        <line num="42" type="method" name="defaultMessage" visibility="protected" complexity="1" crap="1" count="2"/>
        <line num="44" type="stmt" count="2"/>
        <metrics loc="46" ncloc="28" classes="1" methods="3" coveredmethods="3" conditionals="0" coveredconditionals="0" statements="7" coveredstatements="7" elements="10" coveredelements="10"/>
      </file>
      <file name="/app/src/Validation/Rules/Required.php">
        <class name="Ninja\Granite\Validation\Rules\Required" namespace="Ninja\Granite\Validation\Rules">
          <metrics complexity="2" methods="2" coveredmethods="2" conditionals="0" coveredconditionals="0" statements="2" coveredstatements="2" elements="4" coveredelements="4"/>
        </class>
        <line num="14" type="method" name="validate" visibility="public" complexity="1" crap="1" count="16"/>
        <line num="16" type="stmt" count="16"/>
        <line num="25" type="method" name="defaultMessage" visibility="protected" complexity="1" crap="1" count="2"/>
        <line num="27" type="stmt" count="2"/>
        <metrics loc="29" ncloc="16" classes="1" methods="2" coveredmethods="2" conditionals="0" coveredconditionals="0" statements="2" coveredstatements="2" elements="4" coveredelements="4"/>
      </file>
      <file name="/app/src/Validation/Rules/StringType.php">
        <class name="Ninja\Granite\Validation\Rules\StringType" namespace="Ninja\Granite\Validation\Rules">
          <metrics complexity="3" methods="2" coveredmethods="2" conditionals="0" coveredconditionals="0" statements="2" coveredstatements="2" elements="4" coveredelements="4"/>
        </class>
        <line num="14" type="method" name="validate" visibility="public" complexity="2" crap="2" count="34"/>
        <line num="16" type="stmt" count="34"/>
        <line num="25" type="method" name="defaultMessage" visibility="protected" complexity="1" crap="1" count="2"/>
        <line num="27" type="stmt" count="2"/>
        <metrics loc="29" ncloc="16" classes="1" methods="2" coveredmethods="2" conditionals="0" coveredconditionals="0" statements="2" coveredstatements="2" elements="4" coveredelements="4"/>
      </file>
      <file name="/app/src/Validation/Rules/Url.php">
        <class name="Ninja\Granite\Validation\Rules\Url" namespace="Ninja\Granite\Validation\Rules">
          <metrics complexity="4" methods="2" coveredmethods="2" conditionals="0" coveredconditionals="0" statements="6" coveredstatements="6" elements="8" coveredelements="8"/>
        </class>
        <line num="14" type="method" name="validate" visibility="public" complexity="3" crap="3" count="5"/>
        <line num="16" type="stmt" count="5"/>
        <line num="17" type="stmt" count="1"/>
        <line num="20" type="stmt" count="4"/>
        <line num="21" type="stmt" count="1"/>
        <line num="24" type="stmt" count="3"/>
        <line num="33" type="method" name="defaultMessage" visibility="protected" complexity="1" crap="1" count="1"/>
        <line num="35" type="stmt" count="1"/>
        <metrics loc="37" ncloc="24" classes="1" methods="2" coveredmethods="2" conditionals="0" coveredconditionals="0" statements="6" coveredstatements="6" elements="8" coveredelements="8"/>
      </file>
      <file name="/app/src/Validation/Rules/When.php">
        <class name="Ninja\Granite\Validation\Rules\When" namespace="Ninja\Granite\Validation\Rules">
          <metrics complexity="4" methods="3" coveredmethods="3" conditionals="0" coveredconditionals="0" statements="5" coveredstatements="5" elements="8" coveredelements="8"/>
        </class>
        <line num="15" type="method" name="__construct" visibility="public" complexity="1" crap="1" count="20"/>
        <line num="19" type="stmt" count="20"/>
        <line num="28" type="method" name="validate" visibility="public" complexity="2" crap="2" count="15"/>
        <line num="31" type="stmt" count="15"/>
        <line num="32" type="stmt" count="13"/>
        <line num="36" type="stmt" count="11"/>
        <line num="45" type="method" name="defaultMessage" visibility="protected" complexity="1" crap="1" count="1"/>
        <line num="47" type="stmt" count="1"/>
        <metrics loc="49" ncloc="28" classes="1" methods="3" coveredmethods="3" conditionals="0" coveredconditionals="0" statements="5" coveredstatements="5" elements="8" coveredelements="8"/>
      </file>
    </package>
    <file name="/app/src/Validation/ValidationRule.php">
      <metrics loc="23" ncloc="10" classes="0" methods="0" coveredmethods="0" conditionals="0" coveredconditionals="0" statements="0" coveredstatements="0" elements="0" coveredelements="0"/>
    </file>
    <metrics files="96" loc="7075" ncloc="5139" classes="88" methods="362" coveredmethods="162" conditionals="0" coveredconditionals="0" statements="1721" coveredstatements="850" elements="2083" coveredelements="1012"/>
  </project>
</coverage>
